2024-03-27 18:11:09 - Starting C:\Program Files\nodejs\node.exe  --harmony --max_old_space_size=4096 C:\Users\Admin\AppData\Roaming\npm\node_modules\node-windows\lib\wrapper.js --file C:\Users\Admin\Desktop\ZF\deployment\main.js --scriptoptions= --log "Mes Service wrapper" --grow 0.25 --wait 1 --maxrestarts 3 --abortonerror n --stopparentfirst undefined
2024-03-27 18:11:09 - Started 12584
2024-03-28 04:26:37 - Stopping messervice.exe
2024-03-28 04:26:37 - ProcessKill 12584
2024-03-28 04:26:37 - Shutdown exception
Message:A system shutdown is in progress.

Stacktrace:   at System.Runtime.InteropServices.Marshal.ThrowExceptionForHRInternal(Int32 errorCode, IntPtr errorInfo)
   at System.Management.ManagementScope.InitializeGuts(Object o)
   at System.Management.ManagementScope.Initialize()
   at System.Management.ManagementObjectSearcher.Initialize()
   at System.Management.ManagementObjectSearcher.Get()
   at winsw.WrapperService.GetChildPids(Int32 pid)
   at winsw.WrapperService.StopProcessAndChildren(Int32 pid)
   at winsw.WrapperService.StopIt()
   at winsw.WrapperService.OnShutdown()
2024-03-28 04:27:08 - Starting C:\Program Files\nodejs\node.exe  --harmony --max_old_space_size=4096 C:\Users\Admin\AppData\Roaming\npm\node_modules\node-windows\lib\wrapper.js --file C:\Users\Admin\Desktop\ZF\deployment\main.js --scriptoptions= --log "Mes Service wrapper" --grow 0.25 --wait 1 --maxrestarts 3 --abortonerror n --stopparentfirst undefined
2024-03-28 04:27:08 - Started 7572
2024-03-28 04:27:48 - Stopping messervice.exe
2024-03-28 04:27:48 - ProcessKill 7572
2024-03-28 04:27:48 - Shutdown exception
Message:A system shutdown is in progress.

Stacktrace:   at System.Runtime.InteropServices.Marshal.ThrowExceptionForHRInternal(Int32 errorCode, IntPtr errorInfo)
   at System.Management.ManagementScope.InitializeGuts(Object o)
   at System.Management.ManagementScope.Initialize()
   at System.Management.ManagementObjectSearcher.Initialize()
   at System.Management.ManagementObjectSearcher.Get()
   at winsw.WrapperService.GetChildPids(Int32 pid)
   at winsw.WrapperService.StopProcessAndChildren(Int32 pid)
   at winsw.WrapperService.StopIt()
   at winsw.WrapperService.OnShutdown()
2024-03-28 07:34:34 - Starting C:\Program Files\nodejs\node.exe  --harmony --max_old_space_size=4096 C:\Users\Admin\AppData\Roaming\npm\node_modules\node-windows\lib\wrapper.js --file C:\Users\Admin\Desktop\ZF\deployment\main.js --scriptoptions= --log "Mes Service wrapper" --grow 0.25 --wait 1 --maxrestarts 3 --abortonerror n --stopparentfirst undefined
2024-03-28 07:34:34 - Started 7896
